<?xml version="1.0" ?><root>
<report><version>2</version><sessionid>279b4347756dc42d5e8a0b2a</sessionid><type>desync</type><sku>ea.maxis.sims4_64.15.pc</sku><createtime>2020-04-05 20:04:23</createtime><buildsignature>Local.Unknown.Unknown.1.61.15.1020-1.200.000.440.Release</buildsignature><categoryid>privacy.py:298</categoryid><desyncid>279b4347756dc42d5e8a0b2a</desyncid><systemconfig/><screenshot/><desyncdata>Exception in Sim Timeline: Exception running Element (AttributeError: Interaction:  running bed_Sleep_Toddler:6026 on object_bedSingle_Toddler_MedQuality_01:0x004d0b0b42f306ca[0]  (guaranteed) is trying to reserve surface space with sim as target. Exception:'object_sim' object has no attribute 'part_owner')&#13;&#10;Traceback (most recent call last):&#13;&#10;  File "T:\InGame\Gameplay\Scripts\Server\interactions\privacy.py", line 293, in build_privacy&#13;&#10;  File "T:\InGame\Gameplay\Scripts\Server\objects\components\__init__.py", line 197, in __getattr__&#13;&#10;AttributeError: 'object_sim' object has no attribute 'part_owner'&#13;&#10;&#13;&#10;During handling of the above exception, another exception occurred:&#13;&#10;&#13;&#10;Traceback (most recent call last):&#13;&#10;  File "T:\InGame\Gameplay\Scripts\Server\scheduling.py", line 212, in simulate&#13;&#10;  File "T:\InGame\Gameplay\Scripts\Server\elements.py", line 376, in _run&#13;&#10;  File "T:\InGame\Gameplay\Scripts\Server\postures\transition_sequence.py", line 5406, in _execute_next_transition&#13;&#10;  File "T:\InGame\Gameplay\Scripts\Server\postures\transition_sequence.py", line 5165, in _get_next_transition_info&#13;&#10;  File "T:\InGame\Gameplay\Scripts\Server\interactions\utils\interaction_liabilities.py", line 103, in __init__&#13;&#10;  File "T:\InGame\Gameplay\Scripts\Server\interactions\privacy.py", line 298, in build_privacy&#13;&#10;AttributeError: Interaction:  running bed_Sleep_Toddler:6026 on object_bedSingle_Toddler_MedQuality_01:0x004d0b0b42f306ca[0]  (guaranteed) is trying to reserve surface space with sim as target. Exception:'object_sim' object has no attribute 'part_owner'&#13;&#10;rtim=0&#13;&#10;Client Session Time: 35.32&#13; &#10;Num Save Errors: 0&#13; &#10;Num Load Errors: 0&#13; &#10;Current Game State: 0xdd4141d5&#13; &#10;Origin Version: 10,5,8,17910&#13; &#10;Modded: False&#13; &#10;SystemInfo: Windows 10 10.0.18363 GPU: Intel(R) HD Graphics igdumd64.dll 8.15.10.2900, GUID: D7B78E66-4306-11CF-9D79-0820B2C2C535&#13; &#10;</desyncdata></report>
</root>